Build started 3/16/2017 1:08:54 AM.
     1>Project "C:\Users\Jordan\Documents\Visual Studio 2015\Projects\BruinNav\BruinNav\BruinNav.vcxproj" on node 2 (Build target(s)).
     1>ClCompile:
         C:\Program Files (x86)\Microsoft Visual Studio 14.0\VC\bin\CL.exe /c /Zi /nologo /W3 /WX- /sdl /O2 /Oi /Oy- /GL /D WIN32 /D NDEBUG /D _CONSOLE /D _UNICODE /D UNICODE /Gm- /EHsc /MD /GS /Gy /fp:precise /Zc:wchar_t /Zc:forScope /Zc:inline /Fo"Release\\" /Fd"Release\vc140.pdb" /Gd /TP /analyze- /errorReport:prompt AttractionMapper.cpp main.cpp MapLoader.cpp Navigator.cpp SegmentMapper.cpp
         AttractionMapper.cpp
     1>AttractionMapper.cpp(48): warning C4018: '<': signed/unsigned mismatch
     1>AttractionMapper.cpp(67): warning C4018: '<': signed/unsigned mismatch
         main.cpp
         MapLoader.cpp
     1>MapLoader.cpp(94): warning C4018: '<': signed/unsigned mismatch
     1>MapLoader.cpp(105): warning C4018: '<': signed/unsigned mismatch
     1>MapLoader.cpp(115): warning C4018: '<': signed/unsigned mismatch
     1>MapLoader.cpp(125): warning C4018: '<': signed/unsigned mismatch
     1>MapLoader.cpp(134): warning C4018: '<': signed/unsigned mismatch
     1>MapLoader.cpp(142): warning C4018: '<': signed/unsigned mismatch
     1>MapLoader.cpp(152): warning C4018: '<': signed/unsigned mismatch
         Navigator.cpp
     1>Navigator.cpp(75): warning C4018: '<': signed/unsigned mismatch
     1>Navigator.cpp(84): warning C4018: '<': signed/unsigned mismatch
     1>Navigator.cpp(99): warning C4018: '<': signed/unsigned mismatch
     1>Navigator.cpp(113): warning C4018: '<': signed/unsigned mismatch
     1>Navigator.cpp(115): warning C4018: '<': signed/unsigned mismatch
     1>Navigator.cpp(153): warning C4018: '<': signed/unsigned mismatch
         SegmentMapper.cpp
     1>SegmentMapper.cpp(47): warning C4018: '<': signed/unsigned mismatch
     1>SegmentMapper.cpp(70): warning C4018: '<': signed/unsigned mismatch
       Link:
         C:\Program Files (x86)\Microsoft Visual Studio 14.0\VC\bin\link.exe /ERRORREPORT:PROMPT /OUT:"C:\Users\Jordan\Documents\Visual Studio 2015\Projects\BruinNav\Release\BruinNav.exe" /INCREMENTAL:NO /NOLOGO kernel32.lib user32.lib gdi32.lib winspool.lib comdlg32.lib advapi32.lib shell32.lib ole32.lib oleaut32.lib uuid.lib odbc32.lib odbccp32.lib /MANIFEST /MANIFESTUAC:"level='asInvoker' uiAccess='false'" /manifest:embed /Debug /PDB:"C:\Users\Jordan\Documents\Visual Studio 2015\Projects\BruinNav\Release\BruinNav.pdb" /SUBSYSTEM:CONSOLE /OPT:REF /OPT:ICF /LTCG:incremental /TLBID:1 /DYNAMICBASE /NXCOMPAT /IMPLIB:"C:\Users\Jordan\Documents\Visual Studio 2015\Projects\BruinNav\Release\BruinNav.lib" /MACHINE:X86 /SAFESEH Release\AttractionMapper.obj
         Release\main.obj
         Release\MapLoader.obj
         Release\Navigator.obj
         Release\SegmentMapper.obj
         Generating code
         All 1103 functions were compiled because no usable IPDB/IOBJ from previous compilation was found.
         Finished generating code
         BruinNav.vcxproj -> C:\Users\Jordan\Documents\Visual Studio 2015\Projects\BruinNav\Release\BruinNav.exe
     1>Done Building Project "C:\Users\Jordan\Documents\Visual Studio 2015\Projects\BruinNav\BruinNav\BruinNav.vcxproj" (Build target(s)).

Build succeeded.

Time Elapsed 00:00:06.87
